INFO:root:Test
INFO:root:{"asd": "asd", "sss": "dddd"}
INFO:root:Create userburnettbrandon@gmail.com{"email": "burnettbrandon@gmail.com", "password": "%1Zc", "first_name": "Daniel", "last_name": "Nguyen"}
INFO:root:Create userteresa61@gmail.com{"email": "teresa61@gmail.com", "password": "#0Cv", "first_name": "Adam", "last_name": "Owens"}
INFO:root:Create userdanielmiller@yahoo.com{"email": "danielmiller@yahoo.com", "password": "&7Av", "first_name": "Heather", "last_name": "Sims"}
INFO:root:Create userahaas@yahoo.com{"email": "ahaas@yahoo.com", "password": "+6Cr", "first_name": "Melissa", "last_name": "Watts"}
INFO:root:Create userchad14@gmail.com{"email": "chad14@gmail.com", "password": "_4Wv", "first_name": "Amanda", "last_name": "Warren"}
INFO:root:Create userberrychristina@hotmail.com{"email": "berrychristina@hotmail.com", "password": "^7Wj", "first_name": "James", "last_name": "Duffy"}
INFO:root:Create usercaitlinlara@yahoo.com{"email": "caitlinlara@yahoo.com", "password": "$3Hx", "first_name": "Steven", "last_name": "Torres"}
INFO:root:Create userjacksonnatalie@yahoo.com{"email": "jacksonnatalie@yahoo.com", "password": "+0Gj", "first_name": "Karen", "last_name": "Hubbard"}
INFO:root:Create userstephaniebrown@hotmail.com{"email": "stephaniebrown@hotmail.com", "password": "*6Vc", "first_name": "Anne", "last_name": "Gonzales"}
INFO:root:Create userdenise24@hotmail.com{"email": "denise24@hotmail.com", "password": "$0Me", "first_name": "Olivia", "last_name": "Black"}
INFO:root:Create usermatthew69@gmail.com{"email": "matthew69@gmail.com", "password": "(1Jy", "first_name": "Bianca", "last_name": "Mendoza"}
INFO:root:Create usergeorge66@yahoo.com{"email": "george66@yahoo.com", "password": "+5Jy", "first_name": "Virginia", "last_name": "Hernandez"}
INFO:root:Create userjonathanlong@gmail.com{"email": "jonathanlong@gmail.com", "password": "!7Ae", "first_name": "David", "last_name": "Murray"}
INFO:root:Create userfriedmancraig@hotmail.com{"email": "friedmancraig@hotmail.com", "password": "_3Gf", "first_name": "David", "last_name": "Howell"}
INFO:root:Create userbaileychristopher@gmail.com{"email": "baileychristopher@gmail.com", "password": "_0Ug", "first_name": "Thomas", "last_name": "Johnson"}
INFO:root:Create userjeffreymacias@hotmail.com{"email": "jeffreymacias@hotmail.com", "password": "%8Sx", "first_name": "Kayla", "last_name": "Miller"}
INFO:root:Create userxtorres@hotmail.com{"email": "xtorres@hotmail.com", "password": "%3Il", "first_name": "Cindy", "last_name": "Wagner"}
INFO:root:Create userwharris@hotmail.com{"email": "wharris@hotmail.com", "password": "+6Pq", "first_name": "Jamie", "last_name": "Day"}
INFO:root:Create usermurphykathy@hotmail.com{"email": "murphykathy@hotmail.com", "password": "%5Gh", "first_name": "Brittney", "last_name": "York"}
INFO:root:Create usermendozakathleen@hotmail.com{"email": "mendozakathleen@hotmail.com", "password": "+1Xt", "first_name": "Angela", "last_name": "Wagner"}
INFO:root:Create usermaypatricia@gmail.com{"email": "maypatricia@gmail.com", "password": "^1Em", "first_name": "Logan", "last_name": "Collins"}
INFO:root:Create usergarciakari@yahoo.com{"email": "garciakari@yahoo.com", "password": "_9Vf", "first_name": "Lisa", "last_name": "Ryan"}
INFO:root:Create userdcruz@gmail.com{"email": "dcruz@gmail.com", "password": "!8La", "first_name": "Jeremy", "last_name": "Brennan"}
INFO:root:Create usergabriel68@hotmail.com{"email": "gabriel68@hotmail.com", "password": "(9Cc", "first_name": "Bryan", "last_name": "Shaw"}
INFO:root:Create userathompson@hotmail.com{"email": "athompson@hotmail.com", "password": "^1Qy", "first_name": "Christopher", "last_name": "Williams"}
INFO:root:Create usermichaelwalter@hotmail.com{"email": "michaelwalter@hotmail.com", "password": "^6Sm", "first_name": "Michael", "last_name": "Sweeney"}
INFO:root:Create userjshaw@hotmail.com{"email": "jshaw@hotmail.com", "password": "#8Zd", "first_name": "Rebecca", "last_name": "Johnson"}
INFO:root:Create userkimberly07@gmail.com{"email": "kimberly07@gmail.com", "password": "+5As", "first_name": "Scott", "last_name": "Joseph"}
INFO:root:Create usermartinezjennifer@gmail.com{"email": "martinezjennifer@gmail.com", "password": "@0Uj", "first_name": "David", "last_name": "Lewis"}
INFO:root:Create usercharles27@gmail.com{"email": "charles27@gmail.com", "password": "^2Oz", "first_name": "John", "last_name": "Joseph"}
INFO:root:Create userzachary10@hotmail.com{"email": "zachary10@hotmail.com", "password": "+2Kp", "first_name": "Hannah", "last_name": "Little"}
INFO:root:Create userrandy30@yahoo.com{"email": "randy30@yahoo.com", "password": "%9Ai", "first_name": "Paul", "last_name": "Palmer"}
INFO:root:Create userlisaenglish@yahoo.com{"email": "lisaenglish@yahoo.com", "password": "%5Ck", "first_name": "Christopher", "last_name": "Turner"}
INFO:root:Create usereric12@hotmail.com{"email": "eric12@hotmail.com", "password": "$0Ud", "first_name": "Kevin", "last_name": "Richardson"}
INFO:root:Create userseantanner@hotmail.com{"email": "seantanner@hotmail.com", "password": "!6Jr", "first_name": "David", "last_name": "Mccullough"}
INFO:root:Create usergonzalesangela@hotmail.com{"email": "gonzalesangela@hotmail.com", "password": "#9Zj", "first_name": "Rebecca", "last_name": "Edwards"}
INFO:root:Create userbenjamin47@hotmail.com{"email": "benjamin47@hotmail.com", "password": "%8Ce", "first_name": "Maria", "last_name": "Saunders"}
INFO:root:Create userrobin83@hotmail.com{"email": "robin83@hotmail.com", "password": "*9Vd", "first_name": "Blake", "last_name": "Ewing"}
INFO:root:Create usergmarsh@hotmail.com{"email": "gmarsh@hotmail.com", "password": "^8Ac", "first_name": "Jessica", "last_name": "Shields"}
INFO:root:Create userreynoldskevin@yahoo.com{"email": "reynoldskevin@yahoo.com", "password": "@3Tf", "first_name": "Kevin", "last_name": "Dyer"}
INFO:root:Create usergonzalesshelby@gmail.com{"email": "gonzalesshelby@gmail.com", "password": ")2Fo", "first_name": "Jack", "last_name": "Nichols"}
INFO:root:Create userchristinalopez@hotmail.com{"email": "christinalopez@hotmail.com", "password": "*1Tt", "first_name": "Kimberly", "last_name": "Andrews"}
INFO:root:Create userbrianjackson@gmail.com{"email": "brianjackson@gmail.com", "password": "$9Vk", "first_name": "Justin", "last_name": "Rodriguez"}
INFO:root:Create usergmyers@yahoo.com{"email": "gmyers@yahoo.com", "password": "^3Kb", "first_name": "Alexis", "last_name": "Mcdonald"}
INFO:root:Create userbmalone@yahoo.com{"email": "bmalone@yahoo.com", "password": "!2Vc", "first_name": "Lawrence", "last_name": "Armstrong"}
INFO:root:Create userannemorgan@gmail.com{"email": "annemorgan@gmail.com", "password": "&0Bl", "first_name": "Pamela", "last_name": "Salazar"}
